Error executing job with overrides: []
jax.errors.SimplifiedTraceback: For simplicity, JAX has removed its internal frames from the traceback of the following exception. Set JAX_TRACEBACK_FILTERING=off to include these.

The above exception was the direct cause of the following exception:

Traceback (most recent call last):
  File "/root/autodl-tmp/SocialJaxProject/algothrims/IPPO/ippo_cnn_cleanup.py", line 563, in main
    single_run(config)
  File "/root/autodl-tmp/SocialJaxProject/algothrims/IPPO/ippo_cnn_cleanup.py", line 420, in single_run
    out = jax.vmap(train_jit)(rngs)
  File "/root/autodl-tmp/SocialJaxProject/algothrims/IPPO/ippo_cnn_cleanup.py", line 189, in train
    init_x = jnp.zeros((1, *(env.observation_space()[0]).shape))
  File "/root/autodl-tmp/SocialJaxProject/socialjax/environments/cleanup/clean_up.py", line 1524, in observation_space
    if self.cnn
AttributeError: 'Clean_up' object has no attribute 'cnn'

Set the environment variable HYDRA_FULL_ERROR=1 for a complete stack trace.
